This file contains any messages produced by compilers while
running configure, to aid debugging if configure makes a mistake.

It was created by libgpod configure 0.8.3, which was
generated by GNU Autoconf 2.69.  Invocation command line was

  $ ./configure --disable-libxml2

## --------- ##
## Platform. ##
## --------- ##

hostname = Ggoncalves-14654.local
uname -m = x86_64
uname -r = 12.4.0
uname -s = Darwin
uname -v = Darwin Kernel Version 12.4.0: Wed May  1 17:57:12 PDT 2013; root:xnu-2050.24.15~1/RELEASE_X86_64

/usr/bin/uname -p = i386
/bin/uname -X     = unknown

/bin/arch              = unknown
/usr/bin/arch -k       = unknown
/usr/convex/getsysinfo = unknown
/usr/bin/hostinfo      = Mach kernel version:
	 Darwin Kernel Version 12.4.0: Wed May  1 17:57:12 PDT 2013; root:xnu-2050.24.15~1/RELEASE_X86_64
Kernel configured for up to 8 processors.
4 processors are physically available.
8 processors are logically available.
Processor type: i486 (Intel 80486)
Processors active: 0 1 2 3 4 5 6 7
Primary memory available: 16.00 gigabytes
Default processor set: 138 tasks, 938 threads, 8 processors
Load average: 2.06, Mach factor: 5.93
/bin/machine           = unknown
/usr/bin/oslevel       = unknown
/bin/universe          = unknown

PATH: /Users/Guiherme/bin
PATH: /usr/local/bin
PATH: /usr/bin
PATH: /bin
PATH: /usr/sbin
PATH: /sbin
PATH: /usr/local/bin
PATH: /opt/X11/bin
PATH: /usr/texbin


## ----------- ##
## Core tests. ##
## ----------- ##

configure:2903: checking for a BSD-compatible install
configure:2971: result: /usr/local/bin/ginstall -c
configure:2982: checking whether build environment is sane
configure:3037: result: yes
configure:3188: checking for a thread-safe mkdir -p
configure:3227: result: /usr/local/bin/gmkdir -p
configure:3234: checking for gawk
configure:3250: found /usr/local/bin/gawk
configure:3261: result: gawk
configure:3272: checking whether make sets $(MAKE)
configure:3294: result: yes
configure:3323: checking whether make supports nested variables
configure:3340: result: yes
configure:3429: checking whether to enable maintainer-specific portions of Makefiles
configure:3438: result: no
configure:3464: checking for style of include used by make
configure:3492: result: GNU
configure:3563: checking for gcc
configure:3579: found /usr/bin/gcc
configure:3590: result: gcc
configure:3819: checking for C compiler version
configure:3828: gcc --version >&5
i686-apple-darwin11-llvm-gcc-4.2 (GCC) 4.2.1 (Based on Apple Inc. build 5658) (LLVM build 2336.11.00)
Copyright (C) 2007 Free Software Foundation, Inc.
This is free software; see the source for copying conditions.  There is NO
warranty; not even for MERCHANTABILITY or FITNESS FOR A PARTICULAR PURPOSE.

configure:3839: $? = 0
configure:3828: gcc -v >&5
Using built-in specs.
Target: i686-apple-darwin11
Configured with: /private/var/tmp/llvmgcc42/llvmgcc42-2336.11~182/src/configure --disable-checking --enable-werror --prefix=/Applications/Xcode.app/Contents/Developer/usr/llvm-gcc-4.2 --mandir=/share/man --enable-languages=c,objc,c++,obj-c++ --program-prefix=llvm- --program-transform-name=/^[cg][^.-]*$/s/$/-4.2/ --with-slibdir=/usr/lib --build=i686-apple-darwin11 --enable-llvm=/private/var/tmp/llvmgcc42/llvmgcc42-2336.11~182/dst-llvmCore/Developer/usr/local --program-prefix=i686-apple-darwin11- --host=x86_64-apple-darwin11 --target=i686-apple-darwin11 --with-gxx-include-dir=/usr/include/c++/4.2.1
Thread model: posix
gcc version 4.2.1 (Based on Apple Inc. build 5658) (LLVM build 2336.11.00)
configure:3839: $? = 0
configure:3828: gcc -V >&5
llvm-gcc-4.2: argument to `-V' is missing
configure:3839: $? = 1
configure:3828: gcc -qversion >&5
i686-apple-darwin11-llvm-gcc-4.2: no input files
configure:3839: $? = 1
configure:3859: checking whether the C compiler works
configure:3881: gcc    conftest.c  >&5
configure:3885: $? = 0
configure:3933: result: yes
configure:3936: checking for C compiler default output file name
configure:3938: result: a.out
configure:3944: checking for suffix of executables
configure:3951: gcc -o conftest    conftest.c  >&5
configure:3955: $? = 0
configure:3977: result: 
configure:3999: checking whether we are cross compiling
configure:4007: gcc -o conftest    conftest.c  >&5
configure:4011: $? = 0
configure:4018: ./conftest
configure:4022: $? = 0
configure:4037: result: no
configure:4042: checking for suffix of object files
configure:4064: gcc -c   conftest.c >&5
configure:4068: $? = 0
configure:4089: result: o
configure:4093: checking whether we are using the GNU C compiler
configure:4112: gcc -c   conftest.c >&5
configure:4112: $? = 0
configure:4121: result: yes
configure:4130: checking whether gcc accepts -g
configure:4150: gcc -c -g  conftest.c >&5
configure:4150: $? = 0
configure:4191: result: yes
configure:4208: checking for gcc option to accept ISO C89
configure:4271: gcc  -c -g -O2  conftest.c >&5
configure:4271: $? = 0
configure:4284: result: none needed
configure:4306: checking dependency style of gcc
configure:4417: result: gcc3
configure:4438: checking how to run the C preprocessor
configure:4469: gcc -E  conftest.c
configure:4469: $? = 0
configure:4483: gcc -E  conftest.c
conftest.c:11:28: error: ac_nonexistent.h: No such file or directory
configure:4483: $? = 1
configure: failed program was:
| /* confdefs.h */
| #define PACKAGE_NAME "libgpod"
| #define PACKAGE_TARNAME "libgpod"
| #define PACKAGE_VERSION "0.8.3"
| #define PACKAGE_STRING "libgpod 0.8.3"
| #define PACKAGE_BUGREPORT ""
| #define PACKAGE_URL ""
| #define PACKAGE "libgpod"
| #define VERSION "0.8.3"
| /* end confdefs.h.  */
| #include <ac_nonexistent.h>
configure:4508: result: gcc -E
configure:4528: gcc -E  conftest.c
configure:4528: $? = 0
configure:4542: gcc -E  conftest.c
conftest.c:11:28: error: ac_nonexistent.h: No such file or directory
configure:4542: $? = 1
configure: failed program was:
| /* confdefs.h */
| #define PACKAGE_NAME "libgpod"
| #define PACKAGE_TARNAME "libgpod"
| #define PACKAGE_VERSION "0.8.3"
| #define PACKAGE_STRING "libgpod 0.8.3"
| #define PACKAGE_BUGREPORT ""
| #define PACKAGE_URL ""
| #define PACKAGE "libgpod"
| #define VERSION "0.8.3"
| /* end confdefs.h.  */
| #include <ac_nonexistent.h>
configure:4571: checking for grep that handles long lines and -e
configure:4629: result: /usr/bin/grep
configure:4634: checking for egrep
configure:4696: result: /usr/bin/grep -E
configure:4701: checking for ANSI C header files
configure:4721: gcc -c -g -O2  conftest.c >&5
configure:4721: $? = 0
configure:4794: gcc -o conftest -g -O2   conftest.c  >&5
configure:4794: $? = 0
configure:4794: ./conftest
configure:4794: $? = 0
configure:4805: result: yes
configure:4818: checking for sys/types.h
configure:4818: gcc -c -g -O2  conftest.c >&5
configure:4818: $? = 0
configure:4818: result: yes
configure:4818: checking for sys/stat.h
configure:4818: gcc -c -g -O2  conftest.c >&5
configure:4818: $? = 0
configure:4818: result: yes
configure:4818: checking for stdlib.h
configure:4818: gcc -c -g -O2  conftest.c >&5
configure:4818: $? = 0
configure:4818: result: yes
configure:4818: checking for string.h
configure:4818: gcc -c -g -O2  conftest.c >&5
configure:4818: $? = 0
configure:4818: result: yes
configure:4818: checking for memory.h
configure:4818: gcc -c -g -O2  conftest.c >&5
configure:4818: $? = 0
configure:4818: result: yes
configure:4818: checking for strings.h
configure:4818: gcc -c -g -O2  conftest.c >&5
configure:4818: $? = 0
configure:4818: result: yes
configure:4818: checking for inttypes.h
configure:4818: gcc -c -g -O2  conftest.c >&5
configure:4818: $? = 0
configure:4818: result: yes
configure:4818: checking for stdint.h
configure:4818: gcc -c -g -O2  conftest.c >&5
configure:4818: $? = 0
configure:4818: result: yes
configure:4818: checking for unistd.h
configure:4818: gcc -c -g -O2  conftest.c >&5
configure:4818: $? = 0
configure:4818: result: yes
configure:4831: checking minix/config.h usability
configure:4831: gcc -c -g -O2  conftest.c >&5
conftest.c:54:26: error: minix/config.h: No such file or directory
configure:4831: $? = 1
configure: failed program was:
| /* confdefs.h */
| #define PACKAGE_NAME "libgpod"
| #define PACKAGE_TARNAME "libgpod"
| #define PACKAGE_VERSION "0.8.3"
| #define PACKAGE_STRING "libgpod 0.8.3"
| #define PACKAGE_BUGREPORT ""
| #define PACKAGE_URL ""
| #define PACKAGE "libgpod"
| #define VERSION "0.8.3"
| #define STDC_HEADERS 1
| #define HAVE_SYS_TYPES_H 1
| #define HAVE_SYS_STAT_H 1
| #define HAVE_STDLIB_H 1
| #define HAVE_STRING_H 1
| #define HAVE_MEMORY_H 1
| #define HAVE_STRINGS_H 1
| #define HAVE_INTTYPES_H 1
| #define HAVE_STDINT_H 1
| #define HAVE_UNISTD_H 1
| /* end confdefs.h.  */
| #include <stdio.h>
| #ifdef HAVE_SYS_TYPES_H
| # include <sys/types.h>
| #endif
| #ifdef HAVE_SYS_STAT_H
| # include <sys/stat.h>
| #endif
| #ifdef STDC_HEADERS
| # include <stdlib.h>
| # include <stddef.h>
| #else
| # ifdef HAVE_STDLIB_H
| #  include <stdlib.h>
| # endif
| #endif
| #ifdef HAVE_STRING_H
| # if !defined STDC_HEADERS && defined HAVE_MEMORY_H
| #  include <memory.h>
| # endif
| # include <string.h>
| #endif
| #ifdef HAVE_STRINGS_H
| # include <strings.h>
| #endif
| #ifdef HAVE_INTTYPES_H
| # include <inttypes.h>
| #endif
| #ifdef HAVE_STDINT_H
| # include <stdint.h>
| #endif
| #ifdef HAVE_UNISTD_H
| # include <unistd.h>
| #endif
| #include <minix/config.h>
configure:4831: result: no
configure:4831: checking minix/config.h presence
configure:4831: gcc -E  conftest.c
conftest.c:21:26: error: minix/config.h: No such file or directory
configure:4831: $? = 1
configure: failed program was:
| /* confdefs.h */
| #define PACKAGE_NAME "libgpod"
| #define PACKAGE_TARNAME "libgpod"
| #define PACKAGE_VERSION "0.8.3"
| #define PACKAGE_STRING "libgpod 0.8.3"
| #define PACKAGE_BUGREPORT ""
| #define PACKAGE_URL ""
| #define PACKAGE "libgpod"
| #define VERSION "0.8.3"
| #define STDC_HEADERS 1
| #define HAVE_SYS_TYPES_H 1
| #define HAVE_SYS_STAT_H 1
| #define HAVE_STDLIB_H 1
| #define HAVE_STRING_H 1
| #define HAVE_MEMORY_H 1
| #define HAVE_STRINGS_H 1
| #define HAVE_INTTYPES_H 1
| #define HAVE_STDINT_H 1
| #define HAVE_UNISTD_H 1
| /* end confdefs.h.  */
| #include <minix/config.h>
configure:4831: result: no
configure:4831: checking for minix/config.h
configure:4831: result: no
configure:4852: checking whether it is safe to define __EXTENSIONS__
configure:4870: gcc -c -g -O2  conftest.c >&5
configure:4870: $? = 0
configure:4877: result: yes
configure:4939: checking for gcc
configure:4966: result: gcc
configure:5195: checking for C compiler version
configure:5204: gcc --version >&5
i686-apple-darwin11-llvm-gcc-4.2 (GCC) 4.2.1 (Based on Apple Inc. build 5658) (LLVM build 2336.11.00)
Copyright (C) 2007 Free Software Foundation, Inc.
This is free software; see the source for copying conditions.  There is NO
warranty; not even for MERCHANTABILITY or FITNESS FOR A PARTICULAR PURPOSE.

configure:5215: $? = 0
configure:5204: gcc -v >&5
Using built-in specs.
Target: i686-apple-darwin11
Configured with: /private/var/tmp/llvmgcc42/llvmgcc42-2336.11~182/src/configure --disable-checking --enable-werror --prefix=/Applications/Xcode.app/Contents/Developer/usr/llvm-gcc-4.2 --mandir=/share/man --enable-languages=c,objc,c++,obj-c++ --program-prefix=llvm- --program-transform-name=/^[cg][^.-]*$/s/$/-4.2/ --with-slibdir=/usr/lib --build=i686-apple-darwin11 --enable-llvm=/private/var/tmp/llvmgcc42/llvmgcc42-2336.11~182/dst-llvmCore/Developer/usr/local --program-prefix=i686-apple-darwin11- --host=x86_64-apple-darwin11 --target=i686-apple-darwin11 --with-gxx-include-dir=/usr/include/c++/4.2.1
Thread model: posix
gcc version 4.2.1 (Based on Apple Inc. build 5658) (LLVM build 2336.11.00)
configure:5215: $? = 0
configure:5204: gcc -V >&5
llvm-gcc-4.2: argument to `-V' is missing
configure:5215: $? = 1
configure:5204: gcc -qversion >&5
i686-apple-darwin11-llvm-gcc-4.2: no input files
configure:5215: $? = 1
configure:5219: checking whether we are using the GNU C compiler
configure:5247: result: yes
configure:5256: checking whether gcc accepts -g
configure:5317: result: yes
configure:5334: checking for gcc option to accept ISO C89
configure:5410: result: none needed
configure:5432: checking dependency style of gcc
configure:5543: result: gcc3
configure:5559: checking whether gcc and cc understand -c and -o together
configure:5590: gcc -c conftest.c -o conftest2.o >&5
configure:5594: $? = 0
configure:5600: gcc -c conftest.c -o conftest2.o >&5
configure:5604: $? = 0
configure:5615: cc -c conftest.c >&5
configure:5619: $? = 0
configure:5627: cc -c conftest.c -o conftest2.o >&5
configure:5631: $? = 0
configure:5637: cc -c conftest.c -o conftest2.o >&5
configure:5641: $? = 0
configure:5659: result: yes
configure:5746: checking for g++
configure:5762: found /usr/bin/g++
configure:5773: result: g++
configure:5800: checking for C++ compiler version
configure:5809: g++ --version >&5
i686-apple-darwin11-llvm-g++-4.2 (GCC) 4.2.1 (Based on Apple Inc. build 5658) (LLVM build 2336.11.00)
Copyright (C) 2007 Free Software Foundation, Inc.
This is free software; see the source for copying conditions.  There is NO
warranty; not even for MERCHANTABILITY or FITNESS FOR A PARTICULAR PURPOSE.

configure:5820: $? = 0
configure:5809: g++ -v >&5
Using built-in specs.
Target: i686-apple-darwin11
Configured with: /private/var/tmp/llvmgcc42/llvmgcc42-2336.11~182/src/configure --disable-checking --enable-werror --prefix=/Applications/Xcode.app/Contents/Developer/usr/llvm-gcc-4.2 --mandir=/share/man --enable-languages=c,objc,c++,obj-c++ --program-prefix=llvm- --program-transform-name=/^[cg][^.-]*$/s/$/-4.2/ --with-slibdir=/usr/lib --build=i686-apple-darwin11 --enable-llvm=/private/var/tmp/llvmgcc42/llvmgcc42-2336.11~182/dst-llvmCore/Developer/usr/local --program-prefix=i686-apple-darwin11- --host=x86_64-apple-darwin11 --target=i686-apple-darwin11 --with-gxx-include-dir=/usr/include/c++/4.2.1
Thread model: posix
gcc version 4.2.1 (Based on Apple Inc. build 5658) (LLVM build 2336.11.00)
configure:5820: $? = 0
configure:5809: g++ -V >&5
llvm-g++-4.2: argument to `-V' is missing
configure:5820: $? = 1
configure:5809: g++ -qversion >&5
i686-apple-darwin11-llvm-g++-4.2: no input files
configure:5820: $? = 1
configure:5824: checking whether we are using the GNU C++ compiler
configure:5843: g++ -c   conftest.cpp >&5
configure:5843: $? = 0
configure:5852: result: yes
configure:5861: checking whether g++ accepts -g
configure:5881: g++ -c -g  conftest.cpp >&5
configure:5881: $? = 0
configure:5922: result: yes
configure:5947: checking dependency style of g++
configure:6058: result: gcc3
configure:6078: checking build system type
configure:6092: result: x86_64-apple-darwin12.4.0
configure:6112: checking host system type
configure:6125: result: x86_64-apple-darwin12.4.0
configure:6145: checking for a sed that does not truncate output
configure:6209: result: /usr/local/bin/gsed
configure:6227: checking for fgrep
configure:6289: result: /usr/bin/grep -F
configure:6316: checking how to print strings
configure:6343: result: printf
configure:6376: checking for ld used by gcc
configure:6443: result: /usr/llvm-gcc-4.2/libexec/gcc/i686-apple-darwin11/4.2.1/ld
configure:6450: checking if the linker (/usr/llvm-gcc-4.2/libexec/gcc/i686-apple-darwin11/4.2.1/ld) is GNU ld
configure:6465: result: no
configure:6477: checking for ANSI C header files
configure:6581: result: yes
configure:6632: checking for BSD- or MS-compatible name lister (nm)
configure:6681: result: /usr/bin/nm
configure:6811: checking the name lister (/usr/bin/nm) interface
configure:6818: gcc -c -g -O2  conftest.c >&5
configure:6821: /usr/bin/nm "conftest.o"
configure:6824: output
0000000000000190 S _some_variable
configure:6831: result: BSD nm
configure:6834: checking whether ln -s works
configure:6838: result: yes
configure:6846: checking the maximum length of command line arguments
configure:6976: result: 196608
configure:6993: checking whether the shell understands some XSI constructs
configure:7003: result: yes
configure:7007: checking whether the shell understands "+="
configure:7013: result: yes
configure:7048: checking how to convert x86_64-apple-darwin12.4.0 file names to x86_64-apple-darwin12.4.0 format
configure:7088: result: func_convert_file_noop
configure:7095: checking how to convert x86_64-apple-darwin12.4.0 file names to toolchain format
configure:7115: result: func_convert_file_noop
configure:7122: checking for /usr/llvm-gcc-4.2/libexec/gcc/i686-apple-darwin11/4.2.1/ld option to reload object files
configure:7129: result: -r
configure:7203: checking for objdump
configure:7233: result: no
configure:7262: checking how to recognize dependent libraries
configure:7464: result: pass_all
configure:7549: checking for dlltool
configure:7579: result: no
configure:7609: checking how to associate runtime and link libraries
configure:7636: result: printf %s\n
configure:7696: checking for ar
configure:7712: found /usr/bin/ar
configure:7723: result: ar
configure:7760: checking for archiver @FILE support
configure:7777: gcc -c -g -O2  conftest.c >&5
configure:7777: $? = 0
configure:7780: ar cru libconftest.a @conftest.lst >&5
ar: @conftest.lst: No such file or directory
configure:7783: $? = 1
configure:7803: result: no
configure:7861: checking for strip
configure:7877: found /usr/bin/strip
configure:7888: result: strip
configure:7960: checking for ranlib
configure:7976: found /usr/bin/ranlib
configure:7987: result: ranlib
configure:8089: checking command to parse /usr/bin/nm output from gcc object
configure:8209: gcc -c -g -O2  conftest.c >&5
configure:8212: $? = 0
configure:8216: /usr/bin/nm conftest.o \| sed -n -e 's/^.*[ ]\([BCDEGRST][BCDEGRST]*\)[ ][ ]*\([_A-Za-z][_A-Za-z0-9]*\)$/\1 \2 \2/p' | sed '/ __gnu_lto/d' \> conftest.nm
configure:8219: $? = 0
cannot find nm_test_var in conftest.nm
configure:8209: gcc -c -g -O2  conftest.c >&5
configure:8212: $? = 0
configure:8216: /usr/bin/nm conftest.o \| sed -n -e 's/^.*[ ]\([BCDEGRST][BCDEGRST]*\)[ ][ ]*_\([_A-Za-z][_A-Za-z0-9]*\)$/\1 _\2 \2/p' | sed '/ __gnu_lto/d' \> conftest.nm
configure:8219: $? = 0
configure:8285: gcc -o conftest -g -O2   conftest.c conftstm.o >&5
configure:8288: $? = 0
configure:8326: result: ok
configure:8363: checking for sysroot
configure:8393: result: no
configure:8649: checking for mt
configure:8679: result: no
configure:8699: checking if : is a manifest tool
configure:8705: : '-?'
configure:8713: result: no
configure:8769: checking for dsymutil
configure:8785: found /usr/bin/dsymutil
configure:8796: result: dsymutil
configure:8861: checking for nmedit
configure:8877: found /usr/bin/nmedit
configure:8888: result: nmedit
configure:8953: checking for lipo
configure:8969: found /usr/bin/lipo
configure:8980: result: lipo
configure:9045: checking for otool
configure:9061: found /usr/bin/otool
configure:9072: result: otool
configure:9137: checking for otool64
configure:9167: result: no
configure:9212: checking for -single_module linker flag
gcc -g -O2  -o libconftest.dylib -dynamiclib -Wl,-single_module conftest.c
configure:9245: result: yes
configure:9248: checking for -exported_symbols_list linker flag
configure:9268: gcc -o conftest -g -O2   -Wl,-exported_symbols_list,conftest.sym conftest.c  >&5
configure:9268: $? = 0
configure:9278: result: yes
configure:9281: checking for -force_load linker flag
gcc -g -O2 -c -o conftest.o conftest.c
ar cru libconftest.a conftest.o
ranlib libconftest.a
gcc -g -O2  -o conftest conftest.c -Wl,-force_load,./libconftest.a
configure:9313: result: yes
configure:9352: checking for dlfcn.h
configure:9352: gcc -c -g -O2  conftest.c >&5
configure:9352: $? = 0
configure:9352: result: yes
configure:9569: checking for objdir
configure:9584: result: .libs
configure:9855: checking if gcc supports -fno-rtti -fno-exceptions
configure:9873: gcc -c -g -O2  -fno-rtti -fno-exceptions conftest.c >&5
cc1: warning: command line option "-fno-rtti" is valid for C++/ObjC++ but not for C
configure:9877: $? = 0
configure:9890: result: no
configure:10217: checking for gcc option to produce PIC
configure:10224: result: -fno-common -DPIC
configure:10232: checking if gcc PIC flag -fno-common -DPIC works
configure:10250: gcc -c -g -O2  -fno-common -DPIC -DPIC conftest.c >&5
configure:10254: $? = 0
configure:10267: result: yes
configure:10296: checking if gcc static flag -static works
configure:10324: result: no
configure:10339: checking if gcc supports -c -o file.o
configure:10360: gcc -c -g -O2  -o out/conftest2.o conftest.c >&5
configure:10364: $? = 0
configure:10386: result: yes
configure:10394: checking if gcc supports -c -o file.o
configure:10441: result: yes
configure:10474: checking whether the gcc linker (/usr/llvm-gcc-4.2/libexec/gcc/i686-apple-darwin11/4.2.1/ld) supports shared libraries
configure:11627: result: yes
configure:11867: checking dynamic linker characteristics
configure:12604: result: darwin12.4.0 dyld
configure:12711: checking how to hardcode library paths into programs
configure:12736: result: immediate
configure:13276: checking whether stripping libraries is possible
configure:13290: result: yes
configure:13316: checking if libtool supports shared libraries
configure:13318: result: yes
configure:13321: checking whether to build shared libraries
configure:13342: result: yes
configure:13345: checking whether to build static libraries
configure:13349: result: yes
configure:13372: checking how to run the C++ preprocessor
configure:13399: g++ -E  conftest.cpp
configure:13399: $? = 0
configure:13413: g++ -E  conftest.cpp
conftest.cpp:29:28: error: ac_nonexistent.h: No such file or directory
configure:13413: $? = 1
configure: failed program was:
| /* confdefs.h */
| #define PACKAGE_NAME "libgpod"
| #define PACKAGE_TARNAME "libgpod"
| #define PACKAGE_VERSION "0.8.3"
| #define PACKAGE_STRING "libgpod 0.8.3"
| #define PACKAGE_BUGREPORT ""
| #define PACKAGE_URL ""
| #define PACKAGE "libgpod"
| #define VERSION "0.8.3"
| #define STDC_HEADERS 1
| #define HAVE_SYS_TYPES_H 1
| #define HAVE_SYS_STAT_H 1
| #define HAVE_STDLIB_H 1
| #define HAVE_STRING_H 1
| #define HAVE_MEMORY_H 1
| #define HAVE_STRINGS_H 1
| #define HAVE_INTTYPES_H 1
| #define HAVE_STDINT_H 1
| #define HAVE_UNISTD_H 1
| #define __EXTENSIONS__ 1
| #define _ALL_SOURCE 1
| #define _GNU_SOURCE 1
| #define _POSIX_PTHREAD_SEMANTICS 1
| #define _TANDEM_SOURCE 1
| #define STDC_HEADERS 1
| #define HAVE_DLFCN_H 1
| #define LT_OBJDIR ".libs/"
| /* end confdefs.h.  */
| #include <ac_nonexistent.h>
configure:13438: result: g++ -E
configure:13458: g++ -E  conftest.cpp
configure:13458: $? = 0
configure:13472: g++ -E  conftest.cpp
conftest.cpp:29:28: error: ac_nonexistent.h: No such file or directory
configure:13472: $? = 1
configure: failed program was:
| /* confdefs.h */
| #define PACKAGE_NAME "libgpod"
| #define PACKAGE_TARNAME "libgpod"
| #define PACKAGE_VERSION "0.8.3"
| #define PACKAGE_STRING "libgpod 0.8.3"
| #define PACKAGE_BUGREPORT ""
| #define PACKAGE_URL ""
| #define PACKAGE "libgpod"
| #define VERSION "0.8.3"
| #define STDC_HEADERS 1
| #define HAVE_SYS_TYPES_H 1
| #define HAVE_SYS_STAT_H 1
| #define HAVE_STDLIB_H 1
| #define HAVE_STRING_H 1
| #define HAVE_MEMORY_H 1
| #define HAVE_STRINGS_H 1
| #define HAVE_INTTYPES_H 1
| #define HAVE_STDINT_H 1
| #define HAVE_UNISTD_H 1
| #define __EXTENSIONS__ 1
| #define _ALL_SOURCE 1
| #define _GNU_SOURCE 1
| #define _POSIX_PTHREAD_SEMANTICS 1
| #define _TANDEM_SOURCE 1
| #define STDC_HEADERS 1
| #define HAVE_DLFCN_H 1
| #define LT_OBJDIR ".libs/"
| /* end confdefs.h.  */
| #include <ac_nonexistent.h>
configure:13641: checking for ld used by g++
configure:13708: result: /usr/llvm-gcc-4.2/libexec/gcc/i686-apple-darwin11/4.2.1/ld
configure:13715: checking if the linker (/usr/llvm-gcc-4.2/libexec/gcc/i686-apple-darwin11/4.2.1/ld) is GNU ld
configure:13730: result: no
configure:13785: checking whether the g++ linker (/usr/llvm-gcc-4.2/libexec/gcc/i686-apple-darwin11/4.2.1/ld) supports shared libraries
configure:14790: result: yes
configure:14826: g++ -c -g -O2  conftest.cpp >&5
configure:14829: $? = 0
configure:15349: checking for g++ option to produce PIC
configure:15356: result: -fno-common -DPIC
configure:15364: checking if g++ PIC flag -fno-common -DPIC works
configure:15382: g++ -c -g -O2  -fno-common -DPIC -DPIC conftest.cpp >&5
configure:15386: $? = 0
configure:15399: result: yes
configure:15422: checking if g++ static flag -static works
configure:15450: result: no
configure:15462: checking if g++ supports -c -o file.o
configure:15483: g++ -c -g -O2  -o out/conftest2.o conftest.cpp >&5
configure:15487: $? = 0
configure:15509: result: yes
configure:15514: checking if g++ supports -c -o file.o
configure:15561: result: yes
configure:15591: checking whether the g++ linker (/usr/llvm-gcc-4.2/libexec/gcc/i686-apple-darwin11/4.2.1/ld) supports shared libraries
configure:15627: result: yes
configure:15768: checking dynamic linker characteristics
configure:16439: result: darwin12.4.0 dyld
configure:16492: checking how to hardcode library paths into programs
configure:16517: result: immediate
configure:16578: checking whether ln -s works
configure:16582: result: yes
configure:16589: checking whether make sets $(MAKE)
configure:16611: result: yes
configure:16621: checking whether NLS is requested
configure:16630: result: yes
configure:16648: checking for intltool >= 0.21
configure:16650: result: 0.50.2 found
configure:16658: checking for intltool-update
configure:16676: found /usr/local/bin/intltool-update
configure:16688: result: /usr/local/bin/intltool-update
configure:16698: checking for intltool-merge
configure:16716: found /usr/local/bin/intltool-merge
configure:16728: result: /usr/local/bin/intltool-merge
configure:16738: checking for intltool-extract
configure:16756: found /usr/local/bin/intltool-extract
configure:16768: result: /usr/local/bin/intltool-extract
configure:16922: checking for xgettext
configure:16952: result: /usr/local/Cellar/gettext/0.18.3.1/bin/xgettext
configure:16962: checking for msgmerge
configure:16992: result: /usr/local/Cellar/gettext/0.18.3.1/bin/msgmerge
configure:17002: checking for msgfmt
configure:17032: result: /usr/local/Cellar/gettext/0.18.3.1/bin/msgfmt
configure:17042: checking for gmsgfmt
configure:17073: result: /usr/local/Cellar/gettext/0.18.3.1/bin/msgfmt
configure:17093: checking for perl
configure:17111: found /usr/bin/perl
configure:17123: result: /usr/bin/perl
configure:17134: checking for perl >= 5.8.1
configure:17141: result: 5.12.4
configure:17145: checking for XML::Parser
configure:17148: result: ok
configure:17173: gcc -o conftest -g -O2   conftest.c  >&5
Undefined symbols for architecture x86_64:
  "__nl_msg_cat_cntr", referenced from:
      _main in ccO89lQt.o
ld: symbol(s) not found for architecture x86_64
collect2: ld returned 1 exit status
configure:17173: $? = 1
configure: failed program was:
| /* confdefs.h */
| #define PACKAGE_NAME "libgpod"
| #define PACKAGE_TARNAME "libgpod"
| #define PACKAGE_VERSION "0.8.3"
| #define PACKAGE_STRING "libgpod 0.8.3"
| #define PACKAGE_BUGREPORT ""
| #define PACKAGE_URL ""
| #define PACKAGE "libgpod"
| #define VERSION "0.8.3"
| #define STDC_HEADERS 1
| #define HAVE_SYS_TYPES_H 1
| #define HAVE_SYS_STAT_H 1
| #define HAVE_STDLIB_H 1
| #define HAVE_STRING_H 1
| #define HAVE_MEMORY_H 1
| #define HAVE_STRINGS_H 1
| #define HAVE_INTTYPES_H 1
| #define HAVE_STDINT_H 1
| #define HAVE_UNISTD_H 1
| #define __EXTENSIONS__ 1
| #define _ALL_SOURCE 1
| #define _GNU_SOURCE 1
| #define _POSIX_PTHREAD_SEMANTICS 1
| #define _TANDEM_SOURCE 1
| #define STDC_HEADERS 1
| #define HAVE_DLFCN_H 1
| #define LT_OBJDIR ".libs/"
| /* end confdefs.h.  */
| 
| int
| main ()
| {
| extern int _nl_msg_cat_cntr;
|                        return _nl_msg_cat_cntr
|   ;
|   return 0;
| }
configure:17202: checking for localtime_r
configure:17202: gcc -o conftest -g -O2   conftest.c  >&5
configure:17202: $? = 0
configure:17202: result: yes
configure:17211: checking for struct tm.tm_gmtoff
configure:17211: gcc -c -g -O2  conftest.c >&5
configure:17211: $? = 0
configure:17211: result: yes
configure:17276: checking for pkg-config
configure:17294: found /usr/local/bin/pkg-config
configure:17306: result: /usr/local/bin/pkg-config
configure:17331: checking pkg-config is at least version 0.9.0
configure:17334: result: yes
configure:17344: checking for LIBGPOD
configure:17351: $PKG_CONFIG --exists --print-errors "glib-2.0 >= 2.16.0 gobject-2.0 sqlite3 libplist >= 1.0 gmodule-2.0"
Package sqlite3 was not found in the pkg-config search path.
Perhaps you should add the directory containing `sqlite3.pc'
to the PKG_CONFIG_PATH environment variable
No package 'sqlite3' found
Package libxml-2.0 was not found in the pkg-config search path.
Perhaps you should add the directory containing `libxml-2.0.pc'
to the PKG_CONFIG_PATH environment variable
Package 'libxml-2.0', required by 'libplist', not found
configure:17354: $? = 1
configure:17368: $PKG_CONFIG --exists --print-errors "glib-2.0 >= 2.16.0 gobject-2.0 sqlite3 libplist >= 1.0 gmodule-2.0"
Package sqlite3 was not found in the pkg-config search path.
Perhaps you should add the directory containing `sqlite3.pc'
to the PKG_CONFIG_PATH environment variable
No package 'sqlite3' found
Package libxml-2.0 was not found in the pkg-config search path.
Perhaps you should add the directory containing `libxml-2.0.pc'
to the PKG_CONFIG_PATH environment variable
Package 'libxml-2.0', required by 'libplist', not found
configure:17371: $? = 1
configure:17385: result: no
No package 'sqlite3' found
Package 'libxml-2.0', required by 'libplist', not found
configure:17401: error: Package requirements (glib-2.0 >= 2.16.0 gobject-2.0 sqlite3 libplist >= 1.0 gmodule-2.0) were not met:

No package 'sqlite3' found
Package 'libxml-2.0', required by 'libplist', not found

Consider adjusting the PKG_CONFIG_PATH environment variable if you
installed software in a non-standard prefix.

Alternatively, you may set the environment variables LIBGPOD_CFLAGS
and LIBGPOD_LIBS to avoid the need to call pkg-config.
See the pkg-config man page for more details.

## ---------------- ##
## Cache variables. ##
## ---------------- ##

ac_cv_build=x86_64-apple-darwin12.4.0
ac_cv_c_compiler_gnu=yes
ac_cv_cxx_compiler_gnu=yes
ac_cv_env_CCC_set=
ac_cv_env_CCC_value=
ac_cv_env_CC_set=
ac_cv_env_CC_value=
ac_cv_env_CFLAGS_set=
ac_cv_env_CFLAGS_value=
ac_cv_env_CPPFLAGS_set=
ac_cv_env_CPPFLAGS_value=
ac_cv_env_CPP_set=
ac_cv_env_CPP_value=
ac_cv_env_CXXCPP_set=
ac_cv_env_CXXCPP_value=
ac_cv_env_CXXFLAGS_set=
ac_cv_env_CXXFLAGS_value=
ac_cv_env_CXX_set=
ac_cv_env_CXX_value=
ac_cv_env_GDKPIXBUF_CFLAGS_set=
ac_cv_env_GDKPIXBUF_CFLAGS_value=
ac_cv_env_GDKPIXBUF_LIBS_set=
ac_cv_env_GDKPIXBUF_LIBS_value=
ac_cv_env_GDKSHARP_CFLAGS_set=
ac_cv_env_GDKSHARP_CFLAGS_value=
ac_cv_env_GDKSHARP_LIBS_set=
ac_cv_env_GDKSHARP_LIBS_value=
ac_cv_env_GLIBSHARP_CFLAGS_set=
ac_cv_env_GLIBSHARP_CFLAGS_value=
ac_cv_env_GLIBSHARP_LIBS_set=
ac_cv_env_GLIBSHARP_LIBS_value=
ac_cv_env_GTKDOC_DEPS_CFLAGS_set=
ac_cv_env_GTKDOC_DEPS_CFLAGS_value=
ac_cv_env_GTKDOC_DEPS_LIBS_set=
ac_cv_env_GTKDOC_DEPS_LIBS_value=
ac_cv_env_HAL_CFLAGS_set=
ac_cv_env_HAL_CFLAGS_value=
ac_cv_env_HAL_LIBS_set=
ac_cv_env_HAL_LIBS_value=
ac_cv_env_LDFLAGS_set=
ac_cv_env_LDFLAGS_value=
ac_cv_env_LIBGPOD_CFLAGS_set=
ac_cv_env_LIBGPOD_CFLAGS_value=
ac_cv_env_LIBGPOD_LIBS_set=
ac_cv_env_LIBGPOD_LIBS_value=
ac_cv_env_LIBIMOBILEDEVICE_CFLAGS_set=
ac_cv_env_LIBIMOBILEDEVICE_CFLAGS_value=
ac_cv_env_LIBIMOBILEDEVICE_LIBS_set=
ac_cv_env_LIBIMOBILEDEVICE_LIBS_value=
ac_cv_env_LIBS_set=
ac_cv_env_LIBS_value=
ac_cv_env_LIBUSB_CFLAGS_set=
ac_cv_env_LIBUSB_CFLAGS_value=
ac_cv_env_LIBUSB_LIBS_set=
ac_cv_env_LIBUSB_LIBS_value=
ac_cv_env_LIBXML_CFLAGS_set=
ac_cv_env_LIBXML_CFLAGS_value=
ac_cv_env_LIBXML_LIBS_set=
ac_cv_env_LIBXML_LIBS_value=
ac_cv_env_MONO_MODULE_CFLAGS_set=
ac_cv_env_MONO_MODULE_CFLAGS_value=
ac_cv_env_MONO_MODULE_LIBS_set=
ac_cv_env_MONO_MODULE_LIBS_value=
ac_cv_env_PKG_CONFIG_LIBDIR_set=
ac_cv_env_PKG_CONFIG_LIBDIR_value=
ac_cv_env_PKG_CONFIG_PATH_set=
ac_cv_env_PKG_CONFIG_PATH_value=
ac_cv_env_PKG_CONFIG_set=
ac_cv_env_PKG_CONFIG_value=
ac_cv_env_PYGOBJECT_CFLAGS_set=
ac_cv_env_PYGOBJECT_CFLAGS_value=
ac_cv_env_PYGOBJECT_LIBS_set=
ac_cv_env_PYGOBJECT_LIBS_value=
ac_cv_env_PYTHON_set=
ac_cv_env_PYTHON_value=
ac_cv_env_TAGLIB_CFLAGS_set=
ac_cv_env_TAGLIB_CFLAGS_value=
ac_cv_env_TAGLIB_LIBS_set=
ac_cv_env_TAGLIB_LIBS_value=
ac_cv_env_build_alias_set=
ac_cv_env_build_alias_value=
ac_cv_env_host_alias_set=
ac_cv_env_host_alias_value=
ac_cv_env_target_alias_set=
ac_cv_env_target_alias_value=
ac_cv_func_localtime_r=yes
ac_cv_header_dlfcn_h=yes
ac_cv_header_inttypes_h=yes
ac_cv_header_memory_h=yes
ac_cv_header_minix_config_h=no
ac_cv_header_stdc=yes
ac_cv_header_stdint_h=yes
ac_cv_header_stdlib_h=yes
ac_cv_header_string_h=yes
ac_cv_header_strings_h=yes
ac_cv_header_sys_stat_h=yes
ac_cv_header_sys_types_h=yes
ac_cv_header_unistd_h=yes
ac_cv_host=x86_64-apple-darwin12.4.0
ac_cv_member_struct_tm_tm_gmtoff=yes
ac_cv_objext=o
ac_cv_path_EGREP='/usr/bin/grep -E'
ac_cv_path_FGREP='/usr/bin/grep -F'
ac_cv_path_GMSGFMT=/usr/local/Cellar/gettext/0.18.3.1/bin/msgfmt
ac_cv_path_GREP=/usr/bin/grep
ac_cv_path_INTLTOOL_EXTRACT=/usr/local/bin/intltool-extract
ac_cv_path_INTLTOOL_MERGE=/usr/local/bin/intltool-merge
ac_cv_path_INTLTOOL_PERL=/usr/bin/perl
ac_cv_path_INTLTOOL_UPDATE=/usr/local/bin/intltool-update
ac_cv_path_MSGFMT=/usr/local/Cellar/gettext/0.18.3.1/bin/msgfmt
ac_cv_path_MSGMERGE=/usr/local/Cellar/gettext/0.18.3.1/bin/msgmerge
ac_cv_path_SED=/usr/local/bin/gsed
ac_cv_path_XGETTEXT=/usr/local/Cellar/gettext/0.18.3.1/bin/xgettext
ac_cv_path_ac_pt_PKG_CONFIG=/usr/local/bin/pkg-config
ac_cv_path_install='/usr/local/bin/ginstall -c'
ac_cv_path_mkdir=/usr/local/bin/gmkdir
ac_cv_prog_AWK=gawk
ac_cv_prog_CPP='gcc -E'
ac_cv_prog_CXXCPP='g++ -E'
ac_cv_prog_ac_ct_AR=ar
ac_cv_prog_ac_ct_CC=gcc
ac_cv_prog_ac_ct_CXX=g++
ac_cv_prog_ac_ct_DSYMUTIL=dsymutil
ac_cv_prog_ac_ct_LIPO=lipo
ac_cv_prog_ac_ct_NMEDIT=nmedit
ac_cv_prog_ac_ct_OTOOL=otool
ac_cv_prog_ac_ct_RANLIB=ranlib
ac_cv_prog_ac_ct_STRIP=strip
ac_cv_prog_cc_c89=
ac_cv_prog_cc_g=yes
ac_cv_prog_cc_gcc_c_o=yes
ac_cv_prog_cxx_g=yes
ac_cv_prog_make_make_set=yes
ac_cv_safe_to_define___extensions__=yes
am_cv_CC_dependencies_compiler_type=gcc3
am_cv_CXX_dependencies_compiler_type=gcc3
am_cv_make_support_nested_variables=yes
lt_cv_apple_cc_single_mod=yes
lt_cv_ar_at_file=no
lt_cv_deplibs_check_method=pass_all
lt_cv_file_magic_cmd='$MAGIC_CMD'
lt_cv_file_magic_test_file=
lt_cv_ld_exported_symbols_list=yes
lt_cv_ld_force_load=yes
lt_cv_ld_reload_flag=-r
lt_cv_nm_interface='BSD nm'
lt_cv_objdir=.libs
lt_cv_path_LD=/usr/llvm-gcc-4.2/libexec/gcc/i686-apple-darwin11/4.2.1/ld
lt_cv_path_LDCXX=/usr/llvm-gcc-4.2/libexec/gcc/i686-apple-darwin11/4.2.1/ld
lt_cv_path_NM=/usr/bin/nm
lt_cv_path_mainfest_tool=no
lt_cv_prog_compiler_c_o=yes
lt_cv_prog_compiler_c_o_CXX=yes
lt_cv_prog_compiler_pic='-fno-common -DPIC'
lt_cv_prog_compiler_pic_CXX='-fno-common -DPIC'
lt_cv_prog_compiler_pic_works=yes
lt_cv_prog_compiler_pic_works_CXX=yes
lt_cv_prog_compiler_rtti_exceptions=no
lt_cv_prog_compiler_static_works=no
lt_cv_prog_compiler_static_works_CXX=no
lt_cv_prog_gnu_ld=no
lt_cv_prog_gnu_ldcxx=no
lt_cv_sharedlib_from_linklib_cmd='printf %s\n'
lt_cv_sys_global_symbol_pipe='sed -n -e '\''s/^.*[	 ]\([BCDEGRST][BCDEGRST]*\)[	 ][	 ]*_\([_A-Za-z][_A-Za-z0-9]*\)$/\1 _\2 \2/p'\'' | sed '\''/ __gnu_lto/d'\'''
lt_cv_sys_global_symbol_to_c_name_address='sed -n -e '\''s/^: \([^ ]*\)[ ]*$/  {\"\1\", (void *) 0},/p'\'' -e '\''s/^[BCDEGRST]* \([^ ]*\) \([^ ]*\)$/  {"\2", (void *) \&\2},/p'\'''
lt_cv_sys_global_symbol_to_c_name_address_lib_prefix='sed -n -e '\''s/^: \([^ ]*\)[ ]*$/  {\"\1\", (void *) 0},/p'\'' -e '\''s/^[BCDEGRST]* \([^ ]*\) \(lib[^ ]*\)$/  {"\2", (void *) \&\2},/p'\'' -e '\''s/^[BCDEGRST]* \([^ ]*\) \([^ ]*\)$/  {"lib\2", (void *) \&\2},/p'\'''
lt_cv_sys_global_symbol_to_cdecl='sed -n -e '\''s/^T .* \(.*\)$/extern int \1();/p'\'' -e '\''s/^[BCDEGRST]* .* \(.*\)$/extern char \1;/p'\'''
lt_cv_sys_max_cmd_len=196608
lt_cv_to_host_file_cmd=func_convert_file_noop
lt_cv_to_tool_file_cmd=func_convert_file_noop

## ----------------- ##
## Output variables. ##
## ----------------- ##

ACLOCAL='${SHELL} /Users/Guiherme/src/libgpod-0.8.3/missing aclocal-1.13'
ACLOCAL_AMFLAGS=''
ALL_LINGUAS=''
AMDEPBACKSLASH='\'
AMDEP_FALSE='#'
AMDEP_TRUE=''
AMTAR='$${TAR-tar}'
AM_BACKSLASH='\'
AM_DEFAULT_V='$(AM_DEFAULT_VERBOSITY)'
AM_DEFAULT_VERBOSITY='1'
AM_V='$(V)'
AR='ar'
AUTOCONF='${SHELL} /Users/Guiherme/src/libgpod-0.8.3/missing autoconf'
AUTOHEADER='${SHELL} /Users/Guiherme/src/libgpod-0.8.3/missing autoheader'
AUTOMAKE='${SHELL} /Users/Guiherme/src/libgpod-0.8.3/missing automake-1.13'
AWK='gawk'
CATALOGS=''
CATOBJEXT=''
CC='gcc'
CCDEPMODE='depmode=gcc3'
CFLAGS='-g -O2'
CPP='gcc -E'
CPPFLAGS=''
CXX='g++'
CXXCPP='g++ -E'
CXXDEPMODE='depmode=gcc3'
CXXFLAGS='-g -O2'
CYGPATH_W='echo'
DATADIRNAME='lib'
DEFS=''
DEPDIR='.deps'
DLLTOOL='false'
DSYMUTIL='dsymutil'
DUMPBIN=''
ECHO_C='\c'
ECHO_N=''
ECHO_T=''
EGREP='/usr/bin/grep -E'
ENABLE_GTK_DOC_FALSE=''
ENABLE_GTK_DOC_TRUE=''
EXEEXT=''
FGREP='/usr/bin/grep -F'
GDKPIXBUF_CFLAGS=''
GDKPIXBUF_LIBS=''
GDKPIXBUF_REQ=''
GDKSHARP_CFLAGS=''
GDKSHARP_LIBS=''
GETTEXT_PACKAGE=''
GLIBSHARP_CFLAGS=''
GLIBSHARP_LIBS=''
GMCS_FLAGS=''
GMOFILES=''
GMSGFMT='/usr/local/Cellar/gettext/0.18.3.1/bin/msgfmt'
GREP='/usr/bin/grep'
GTKDOC_CHECK=''
GTKDOC_DEPS_CFLAGS=''
GTKDOC_DEPS_LIBS=''
GTKDOC_MKPDF=''
GTKDOC_REBASE=''
GTK_DOC_BUILD_HTML_FALSE=''
GTK_DOC_BUILD_HTML_TRUE=''
GTK_DOC_BUILD_PDF_FALSE=''
GTK_DOC_BUILD_PDF_TRUE=''
GTK_DOC_USE_LIBTOOL_FALSE=''
GTK_DOC_USE_LIBTOOL_TRUE=''
GTK_DOC_USE_REBASE_FALSE=''
GTK_DOC_USE_REBASE_TRUE=''
HALCALLOUTSDIR=''
HALFDIDIR=''
HAL_CFLAGS=''
HAL_LIBS=''
HAVE_GDKPIXBUF_FALSE=''
HAVE_GDKPIXBUF_TRUE=''
HAVE_HAL_FALSE=''
HAVE_HAL_TRUE=''
HAVE_LIBIMOBILEDEVICE_FALSE=''
HAVE_LIBIMOBILEDEVICE_TRUE=''
HAVE_LIBUSB_FALSE=''
HAVE_LIBUSB_TRUE=''
HAVE_MONO_FALSE=''
HAVE_MONO_TRUE=''
HAVE_PYGOBJECT_FALSE=''
HAVE_PYGOBJECT_TRUE=''
HAVE_PYTHON_FALSE=''
HAVE_PYTHON_TRUE=''
HAVE_SGUTILS_FALSE=''
HAVE_SGUTILS_TRUE=''
HAVE_TAGLIB_FALSE=''
HAVE_TAGLIB_TRUE=''
HAVE_ZLIB_FALSE=''
HAVE_ZLIB_TRUE=''
HTML_DIR=''
INSTALL_DATA='${INSTALL} -m 644'
INSTALL_PROGRAM='${INSTALL}'
INSTALL_SCRIPT='${INSTALL}'
INSTALL_STRIP_PROGRAM='$(install_sh) -c -s'
INSTOBJEXT=''
INTLLIBS=''
INTLTOOL_CAVES_RULE='%.caves:     %.caves.in     $(INTLTOOL_MERGE) $(wildcard $(top_srcdir)/po/*.po) ; $(INTLTOOL_V_MERGE)LC_ALL=C $(INTLTOOL_MERGE) $(INTLTOOL_V_MERGE_OPTIONS) -d -u -c $(top_builddir)/po/.intltool-merge-cache $(top_srcdir)/po $< $@'
INTLTOOL_DESKTOP_RULE='%.desktop:   %.desktop.in   $(INTLTOOL_MERGE) $(wildcard $(top_srcdir)/po/*.po) ; $(INTLTOOL_V_MERGE)LC_ALL=C $(INTLTOOL_MERGE) $(INTLTOOL_V_MERGE_OPTIONS) -d -u -c $(top_builddir)/po/.intltool-merge-cache $(top_srcdir)/po $< $@'
INTLTOOL_DIRECTORY_RULE='%.directory: %.directory.in $(INTLTOOL_MERGE) $(wildcard $(top_srcdir)/po/*.po) ; $(INTLTOOL_V_MERGE)LC_ALL=C $(INTLTOOL_MERGE) $(INTLTOOL_V_MERGE_OPTIONS) -d -u -c $(top_builddir)/po/.intltool-merge-cache $(top_srcdir)/po $< $@'
INTLTOOL_EXTRACT='/usr/local/bin/intltool-extract'
INTLTOOL_KBD_RULE='%.kbd:       %.kbd.in       $(INTLTOOL_MERGE) $(wildcard $(top_srcdir)/po/*.po) ; $(INTLTOOL_V_MERGE)LC_ALL=C $(INTLTOOL_MERGE) $(INTLTOOL_V_MERGE_OPTIONS) -x -u -m -c $(top_builddir)/po/.intltool-merge-cache $(top_srcdir)/po $< $@'
INTLTOOL_KEYS_RULE='%.keys:      %.keys.in      $(INTLTOOL_MERGE) $(wildcard $(top_srcdir)/po/*.po) ; $(INTLTOOL_V_MERGE)LC_ALL=C $(INTLTOOL_MERGE) $(INTLTOOL_V_MERGE_OPTIONS) -k -u -c $(top_builddir)/po/.intltool-merge-cache $(top_srcdir)/po $< $@'
INTLTOOL_MERGE='/usr/local/bin/intltool-merge'
INTLTOOL_OAF_RULE='%.oaf:       %.oaf.in       $(INTLTOOL_MERGE) $(wildcard $(top_srcdir)/po/*.po) ; $(INTLTOOL_V_MERGE)LC_ALL=C $(INTLTOOL_MERGE) $(INTLTOOL_V_MERGE_OPTIONS) -o -p $(top_srcdir)/po $< $@'
INTLTOOL_PERL='/usr/bin/perl'
INTLTOOL_POLICY_RULE='%.policy:    %.policy.in    $(INTLTOOL_MERGE) $(wildcard $(top_srcdir)/po/*.po) ; $(INTLTOOL_V_MERGE)LC_ALL=C $(INTLTOOL_MERGE) $(INTLTOOL_V_MERGE_OPTIONS) -x -u -c $(top_builddir)/po/.intltool-merge-cache $(top_srcdir)/po $< $@'
INTLTOOL_PONG_RULE='%.pong:      %.pong.in      $(INTLTOOL_MERGE) $(wildcard $(top_srcdir)/po/*.po) ; $(INTLTOOL_V_MERGE)LC_ALL=C $(INTLTOOL_MERGE) $(INTLTOOL_V_MERGE_OPTIONS) -x -u -c $(top_builddir)/po/.intltool-merge-cache $(top_srcdir)/po $< $@'
INTLTOOL_PROP_RULE='%.prop:      %.prop.in      $(INTLTOOL_MERGE) $(wildcard $(top_srcdir)/po/*.po) ; $(INTLTOOL_V_MERGE)LC_ALL=C $(INTLTOOL_MERGE) $(INTLTOOL_V_MERGE_OPTIONS) -d -u -c $(top_builddir)/po/.intltool-merge-cache $(top_srcdir)/po $< $@'
INTLTOOL_SCHEMAS_RULE='%.schemas:   %.schemas.in   $(INTLTOOL_MERGE) $(wildcard $(top_srcdir)/po/*.po) ; $(INTLTOOL_V_MERGE)LC_ALL=C $(INTLTOOL_MERGE) $(INTLTOOL_V_MERGE_OPTIONS) -s -u -c $(top_builddir)/po/.intltool-merge-cache $(top_srcdir)/po $< $@'
INTLTOOL_SERVER_RULE='%.server:    %.server.in    $(INTLTOOL_MERGE) $(wildcard $(top_srcdir)/po/*.po) ; $(INTLTOOL_V_MERGE)LC_ALL=C $(INTLTOOL_MERGE) $(INTLTOOL_V_MERGE_OPTIONS) -o -u -c $(top_builddir)/po/.intltool-merge-cache $(top_srcdir)/po $< $@'
INTLTOOL_SERVICE_RULE='%.service: %.service.in   $(INTLTOOL_MERGE) $(wildcard $(top_srcdir)/po/*.po) ; $(INTLTOOL_V_MERGE)LC_ALL=C $(INTLTOOL_MERGE) $(INTLTOOL_V_MERGE_OPTIONS) -d -u -c $(top_builddir)/po/.intltool-merge-cache $(top_srcdir)/po $< $@'
INTLTOOL_SHEET_RULE='%.sheet:     %.sheet.in     $(INTLTOOL_MERGE) $(wildcard $(top_srcdir)/po/*.po) ; $(INTLTOOL_V_MERGE)LC_ALL=C $(INTLTOOL_MERGE) $(INTLTOOL_V_MERGE_OPTIONS) -x -u -c $(top_builddir)/po/.intltool-merge-cache $(top_srcdir)/po $< $@'
INTLTOOL_SOUNDLIST_RULE='%.soundlist: %.soundlist.in $(INTLTOOL_MERGE) $(wildcard $(top_srcdir)/po/*.po) ; $(INTLTOOL_V_MERGE)LC_ALL=C $(INTLTOOL_MERGE) $(INTLTOOL_V_MERGE_OPTIONS) -d -u -c $(top_builddir)/po/.intltool-merge-cache $(top_srcdir)/po $< $@'
INTLTOOL_THEME_RULE='%.theme:     %.theme.in     $(INTLTOOL_MERGE) $(wildcard $(top_srcdir)/po/*.po) ; $(INTLTOOL_V_MERGE)LC_ALL=C $(INTLTOOL_MERGE) $(INTLTOOL_V_MERGE_OPTIONS) -d -u -c $(top_builddir)/po/.intltool-merge-cache $(top_srcdir)/po $< $@'
INTLTOOL_UI_RULE='%.ui:        %.ui.in        $(INTLTOOL_MERGE) $(wildcard $(top_srcdir)/po/*.po) ; $(INTLTOOL_V_MERGE)LC_ALL=C $(INTLTOOL_MERGE) $(INTLTOOL_V_MERGE_OPTIONS) -x -u -c $(top_builddir)/po/.intltool-merge-cache $(top_srcdir)/po $< $@'
INTLTOOL_UPDATE='/usr/local/bin/intltool-update'
INTLTOOL_V_MERGE='$(INTLTOOL__v_MERGE_$(V))'
INTLTOOL_V_MERGE_OPTIONS='$(intltool__v_merge_options_$(V))'
INTLTOOL_XAM_RULE='%.xam:       %.xml.in       $(INTLTOOL_MERGE) $(wildcard $(top_srcdir)/po/*.po) ; $(INTLTOOL_V_MERGE)LC_ALL=C $(INTLTOOL_MERGE) $(INTLTOOL_V_MERGE_OPTIONS) -x -u -c $(top_builddir)/po/.intltool-merge-cache $(top_srcdir)/po $< $@'
INTLTOOL_XML_NOMERGE_RULE='%.xml:       %.xml.in       $(INTLTOOL_MERGE) ; $(INTLTOOL_V_MERGE)LC_ALL=C $(INTLTOOL_MERGE) $(INTLTOOL_V_MERGE_OPTIONS) -x -u --no-translations $< $@'
INTLTOOL_XML_RULE='%.xml:       %.xml.in       $(INTLTOOL_MERGE) $(wildcard $(top_srcdir)/po/*.po) ; $(INTLTOOL_V_MERGE)LC_ALL=C $(INTLTOOL_MERGE) $(INTLTOOL_V_MERGE_OPTIONS) -x -u -c $(top_builddir)/po/.intltool-merge-cache $(top_srcdir)/po $< $@'
INTLTOOL__v_MERGE_0='@echo "  ITMRG " $@;'
INTLTOOL__v_MERGE_='$(INTLTOOL__v_MERGE_$(AM_DEFAULT_VERBOSITY))'
LD='/usr/llvm-gcc-4.2/libexec/gcc/i686-apple-darwin11/4.2.1/ld'
LDFLAGS=''
LIBGPOD_BLOB_DIR=''
LIBGPOD_CFLAGS=''
LIBGPOD_LIBS=''
LIBGPOD_SO_VERSION='7:2:3'
LIBIMOBILEDEVICE_CFLAGS=''
LIBIMOBILEDEVICE_LIBS=''
LIBIMOBILEDEVICE_REQ=''
LIBOBJS=''
LIBS=''
LIBTOOL='$(SHELL) $(top_builddir)/libtool'
LIBUSB_CFLAGS=''
LIBUSB_LIBS=''
LIBXML_CFLAGS=''
LIBXML_LIBS=''
LIPO='lipo'
LN_S='ln -s'
LTLIBOBJS=''
MAINT='#'
MAINTAINER_MODE_FALSE=''
MAINTAINER_MODE_TRUE='#'
MAKEINFO='${SHELL} /Users/Guiherme/src/libgpod-0.8.3/missing makeinfo'
MANIFEST_TOOL=':'
MCS=''
MKDIR_P='/usr/local/bin/gmkdir -p'
MKINSTALLDIRS=''
MONO=''
MONO_MODULE_CFLAGS=''
MONO_MODULE_LIBS=''
MSGFMT='/usr/local/Cellar/gettext/0.18.3.1/bin/msgfmt'
MSGFMT_OPTS=''
MSGMERGE='/usr/local/Cellar/gettext/0.18.3.1/bin/msgmerge'
NM='/usr/bin/nm'
NMEDIT='nmedit'
OBJDUMP='false'
OBJEXT='o'
OTOOL64=':'
OTOOL='otool'
PACKAGE='libgpod'
PACKAGE_BUGREPORT=''
PACKAGE_NAME='libgpod'
PACKAGE_STRING='libgpod 0.8.3'
PACKAGE_TARNAME='libgpod'
PACKAGE_URL=''
PACKAGE_VERSION='0.8.3'
PATH_SEPARATOR=':'
PKG_CONFIG='/usr/local/bin/pkg-config'
PKG_CONFIG_LIBDIR=''
PKG_CONFIG_PATH=''
POFILES=''
POSUB=''
PO_IN_DATADIR_FALSE=''
PO_IN_DATADIR_TRUE=''
PYGOBJECT_CFLAGS=''
PYGOBJECT_LIBS=''
PYTHON=''
PYTHON_EXEC_PREFIX=''
PYTHON_INCLUDES=''
PYTHON_LDFLAGS=''
PYTHON_PLATFORM=''
PYTHON_PREFIX=''
PYTHON_VERSION=''
RANLIB='ranlib'
SED='/usr/local/bin/gsed'
SET_MAKE=''
SGUTILS_LIBS=''
SHELL='/bin/sh'
STRIP='strip'
SWIG=''
SWIG_LIB=''
TAGLIB_CFLAGS=''
TAGLIB_LIBS=''
TMPMOUNTDIR=''
USE_NLS='yes'
USE_UDEV_FALSE=''
USE_UDEV_TRUE=''
VERSION='0.8.3'
XGETTEXT='/usr/local/Cellar/gettext/0.18.3.1/bin/xgettext'
Z_LIBS=''
ac_ct_AR='ar'
ac_ct_CC='gcc'
ac_ct_CXX='g++'
ac_ct_DUMPBIN=''
am__EXEEXT_FALSE=''
am__EXEEXT_TRUE=''
am__fastdepCC_FALSE='#'
am__fastdepCC_TRUE=''
am__fastdepCXX_FALSE='#'
am__fastdepCXX_TRUE=''
am__include='include'
am__isrc=''
am__leading_dot='.'
am__nodep='_no'
am__quote=''
am__tar='$${TAR-tar} chof - "$$tardir"'
am__untar='$${TAR-tar} xf -'
bindir='${exec_prefix}/bin'
build='x86_64-apple-darwin12.4.0'
build_alias=''
build_cpu='x86_64'
build_os='darwin12.4.0'
build_vendor='apple'
datadir='${datarootdir}'
datarootdir='${prefix}/share'
docdir='${datarootdir}/doc/${PACKAGE_TARNAME}'
dvidir='${docdir}'
exec_prefix='NONE'
expanded_libdir=''
host='x86_64-apple-darwin12.4.0'
host_alias=''
host_cpu='x86_64'
host_os='darwin12.4.0'
host_vendor='apple'
htmldir='${docdir}'
includedir='${prefix}/include'
infodir='${datarootdir}/info'
install_sh='${SHELL} /Users/Guiherme/src/libgpod-0.8.3/install-sh'
intltool__v_merge_options_0='-q'
intltool__v_merge_options_='$(intltool__v_merge_options_$(AM_DEFAULT_VERBOSITY))'
libdir='${exec_prefix}/lib'
libexecdir='${exec_prefix}/libexec'
localedir='${datarootdir}/locale'
localstatedir='${prefix}/var'
mandir='${datarootdir}/man'
mkdir_p='$(MKDIR_P)'
oldincludedir='/usr/include'
pdfdir='${docdir}'
pkgpyexecdir=''
pkgpythondir=''
prefix='NONE'
program_transform_name='s,x,x,'
psdir='${docdir}'
pyexecdir=''
pythondir=''
sbindir='${exec_prefix}/sbin'
sharedstatedir='${prefix}/com'
sysconfdir='${prefix}/etc'
target_alias=''
udevdir=''

## ----------- ##
## confdefs.h. ##
## ----------- ##

/* confdefs.h */
#define PACKAGE_NAME "libgpod"
#define PACKAGE_TARNAME "libgpod"
#define PACKAGE_VERSION "0.8.3"
#define PACKAGE_STRING "libgpod 0.8.3"
#define PACKAGE_BUGREPORT ""
#define PACKAGE_URL ""
#define PACKAGE "libgpod"
#define VERSION "0.8.3"
#define STDC_HEADERS 1
#define HAVE_SYS_TYPES_H 1
#define HAVE_SYS_STAT_H 1
#define HAVE_STDLIB_H 1
#define HAVE_STRING_H 1
#define HAVE_MEMORY_H 1
#define HAVE_STRINGS_H 1
#define HAVE_INTTYPES_H 1
#define HAVE_STDINT_H 1
#define HAVE_UNISTD_H 1
#define __EXTENSIONS__ 1
#define _ALL_SOURCE 1
#define _GNU_SOURCE 1
#define _POSIX_PTHREAD_SEMANTICS 1
#define _TANDEM_SOURCE 1
#define STDC_HEADERS 1
#define HAVE_DLFCN_H 1
#define LT_OBJDIR ".libs/"
#define HAVE_LOCALTIME_R 1
#define HAVE_STRUCT_TM_TM_GMTOFF 1

configure: exit 1
